CTATATATATATATATATATATA
TATATATATATATATATATATA
TATATATATATATATATATAT
ATATATATATATATATATATA
ATATATATATATATATATAT
TATATATATATATATATATA
TATATATATATATATATAT
ATATATATATATATATATA
TATATATATATATATATA
ATATATATATATATATAT
TCGCGGCTCCCGCAGCAG
CGCGGCTCCCGCAGCAG
TGAGGTGGTCCAGGTGG
ATATATATATATATATA
CAGCAACAGCAGCAGCA
TATATATATATATATAT
CAGCAGCAGCAGCAGCA
CAGCAGCAGCAGCTCCA
CCGCAGCAGCAGCAGCA
AGCAGCAGCAGCAGTAG
ATAAATAATGATGCTGA
CCTCAGCAGCAGCAGC
TCCTGCTGGCCGCCAT
AATGGAGCGACAGGGA
AGCAGCAGCAGCAGCA
GCAACAGCAACAACAG
ATATATATATATATAT
CCGCAGCAGCAGCAGC
CAGCAACAGCAGCAGC
AGCAACAGCAGCAGCA
GCAGCAGCAGCAGTAG
GGAGCTGGAGATGGAG
TAAATAATGATGCTGA
GCTCCTCCAGCTCGAG
CCAGAAGGACGACGAC
GAGGTGGTCCAGGTGG
CAGCAGCAGCAGCAGC
TATATATATATATATA
GGAGCAGCAGGAACAG
TAAATTTCTTTTATTT
CGCAGCAGCAGCAGCA
ATATATATATATATAC
AACAAACAAACAAACA
GCGGCTCCCGCAGCAG
GCAAAGGCAACAACAA
AGCAGCAGCAGCTCCA
AGGTGGTCCAGGTGG
CCTGCTGGCCGCCAT
ACAAACAAACAAACA
GCATGATTACTTTTT
CAACAGCAACAACAG
GCAGCAGCAGCAGCA
GTCAGCCAGCTAATG
TGCAGCAGCAACAGT
GCAGCAGCAGCTGCA
AGTTCCAGTAGCAGC
TGCGCAGCCATGGCA
CTTTTGGACAATAAT
CAAAGGCAACAACAA
CCCAAGGACGAGGAG
GATACAGATACAGAT
CTCAGCAGCAGCAGC
AACACTTAAATTGCA
CTTTAAAAACACATT
TATATATATATATAT
AAGAAAAACAATTGC
CACAAGTCTCAGCCT
ATGGAGCGACAGGGA
ATATATATATATATA
GCAAATGCAACAGCA
AGCAGCAGCAGCAGC
GCAGTTGCAGCAGCA
AGCTGCCGCAGCAGC
TTTGGGTTTCAATTT
TATATATATATATAC
GAGGAGGAGCTGCAG
CAGCAGCAGCAGCAG
CTCCTCCAGCTCGAG
GAGCTGGAGATGGAG
CAGAAGGACGACGAC
ATGCAAGTCCTGGCG
TTCGGAGGAACGGAG
GTCCTCGGCATTGCC
TTGTTAGGTACAAAT
AGCAACAGCAGCAGC
GCAACAGCAGCAGCA
TAATGAATAAGTTTA
ACATAGCAAGCTGAA
CACACACACACACTC
AACACATATACACTC
CGGCTCCCGCAGCAG
CAGCAGCAGCAGCTC
CGGAATTTCAATATA
CACATTTGCCAAAAG
CGCAGCAGCAGCAGC
TTTTGTTTTGCTTAC
GCAGCAGCAGCTCCA
CAGCAGCAGCAGTAG
AAATTTCTTTTATTT
TGGCTCCTCCTCCAG
AAATAATGATGCTGA
GAGCAGCAGGAACAG
GAAGCAGCCATGTGT
CAACAGCAGCAGCAG
TTTCTTTTATTTTC
AGGAGGAGCTGCAG
CTGCTGGCCGCCAT
CAGTTGCAGCAGCA
CGGCCACGCCCACT
AATTAAATAAAAAC
ATATATATATATAC
GGAATTTCAATATA
GCAGCAGCAGCAGC
ACATTTGCCAAAAG
ACACATATACACTC
CAGCAGCAGCTCCA
AACTTATTTAACTT
GCCCAGCTCAATGG
TAAAAAATAAATAA
GGCTCCCGCAGCAG
CAAATGCAACAGCA
CATAGCAAGCTGAA
AAAAGCATAAATCG
CAAAAATTGAAAAA
AAGTAGTTTAACTC
ACACTTAAATTGCA
AGCAGCAGCAGCAG
AGCAGCAGGAACAG
ATGCCGGAGGTGAA
ATATATATATATAT
GCTGCCGCAGCAGC
GACTCACACACACA
AAGCAGCCATGTGT
GCGCAGCCATGGCA
AAAGGCAACAACAA
CACTGGAGACGCAA
CAGCAGCAGCAGCA
ACAAGTCTCAGCCT
GCAGCAGCAACAGT
GTTCCAGTAGCAGC
AAAGGAGCTGCCGC
ACACACACACACTC
GCCAGCGGCGCCAT
ACTGCCGCAGCAGC
AATCTGTGCACACC
AATAATGATGCTGA
AATTGCAGGAGGAA
AAATTGATTTTCTG
AAATGGTACTGCAG
GGTGGTCCAGGTGG
AGCAACAAATGTGC
TGTTAGGTACAAAT
TTGAGGCCAAGTGG
TTAGATATTTATTT
GAAGCCAAGGACTC
AAAATCAAATTAAT
GGCTCCTCCTCCAG
TGGTCAACAGAACC
GCAGCAGCAGCTGC
TTTTTAATTGCTTC
TACAGATACAGATA
TTTAAGTACTGCAT
ACTGCAAAAGCAAA
AGCAGCAGCAGTAG
CCTGCCACTCCTGC
GCTGCTCCTCCTCC
CGAAAAACAAGTAA
AAAGTGTGTTTATT
GAAAAGGAGCAGCG
CAAACACACACACA
CAACAGCAGCAGCA
CTGAAACATGCAAA
CAAGTGGAAAGGCA
TTGTGTGTTTACTT
CCGCAGCAGCAGCA
AGTGGAGTGGAGCG
GGACCAAGTTCAAA
CCAAATCTGGCGGG
TTGGGTTTCAATTT
CAGCAACAGCAGCA
TATATATATATATA
AGAAGGACGACGAC
CTTTTATGTTTTTT
GTTGGCCATTAATT
CAGTGGAAAGTGGA
AACAGCAACAACAG
TTATATTTCCATGC
CATGATTACTTTTT
CAGAAGGTACATTA
CAGCAGCAGCAGCT
CACACACACACACT
CCAACAAAGCCAGT
TATATATTGTATAT
ATACAGATACAGAT
TTTTGGACAATAAT
AAAAATATATTAAA
AAAATTGCATTTAA
ACCACACCCACAGC
TCCTGTTTATTTGA
AGAAAAACAATTGC
AGCAGCAGCAGCTC
TATATATATTTATT
GTTTTCCAAACCAA
CAGCAACAACAAAG
GAAGTGGAGTGGAG
TCCTCCAGCTCGAG
CGGAGCAGCAGGAA
GCAACAGCAGCAGC
GTTCCGCCTCGTCC
GCAGCAACAACAAA
TCAGCCAGCTAATG
ATTTTATTTAAATT
GGGCAACATGGAAA
CAGCAGCAGCTGCA
CCACACACACACAT
GAACCCCAATGCCA
TCGGAGGAACGGAG
CCGTGTTTAACACG
ATCGTTTTTGATGA
AAAATCCTTTGAGC
CACTTTAAACCCAA
TCATTTTTTATTTT
CAGCTTTCCCCACA
TTTGTTTTGCTTAC
TCTGCGTGATTTGG
AAAACTCAAATTAA
TTCATTTTTTATTT
AGCTGGAGATGGAG
TTTAAAAACACATT
TCAGCAGCAGCAGC
AAGAAATCGAAGAG
TCCTCGGCATTGCC
TGGCAGCAACAACA
TGGAGCGACAGGGA
ACACAGCAAACAAA
TCGATGGGCGCATT
AATGAATAAGTTTA
AACAGCAGCAGCAG
CGCAGCAGCAGCAG
TGCAAGTCCTGGCG
TGTGCGAAATTTGC
CCAAGGACGAGGAG
AATTTCTTTTATTT
GCTCGTCCGGCAGC
GGCCATCAGCACAA
CAAACAAACAAACA
TCACACACACACAC
AATGGAAATGGAAA
CAACATCGATATCG
ACAGAAACAGAAAC
GGCAACAACAACAA
TGGTGCGTGTGTG
GCAGCAACAACAA
CGCAGCCATGGCA
AGCAGCTGCAGCA
GCCATCAGCACAA
AATTGATTTTCTG
GCTGCATTTCTAT
ATGAATAAGTTTA
TATGTATATATAT
CGCTGCAGCTGCA
CGCCCAGCCAGCC
TATATTTCCATGC
AAACTCAAATTAA
CATTTGCCAAAAG
AAAAAACAAAATA
TTGCATACTTAAT
CCAGCGGCGCCAT
GCCGCAGCCGCGG
AACATCGATATCG
AACAGCAGCAGCA
TGCAATAAATTTC
ATTAAATAAAAAC
AAAACAATCAGCA
AAGGAGCTGCCGC
GAAAATGCTAGCG
ATACAAATATATT
CAGAAGGTGGCCA
TTATTGCCGTCAT
GAAATGCACAAAC
TTTTTTTGTTTTG
TTTAGCTGAAATG
CCAAACCCCCAAT
TTGGCAGCTGCCA
TGCCAGCTGCTTC
GCTCCCGCAGCAG
CAGCAGCAGCTGC
CTTCACCCGCTTT
CAACAGCAGCAGC
CAGCAGCAGCAGC
GCCAAGGGTTAAG
ACACACACATACA
CAACAAAGCCAGT
GGCCAACAAGTTA
CCCGAAATCTGGG
GAATTTGATTTTA
ATATATATATATA
AACAGCAACAACA
GGACTCGAAAGGA
TACATACATACAT
TTCTTCTGCTTCG
GCAATTTTTAAAT
CAACGGCAGCGCC
CACATGGAGGCGG
TGAGCGCGGAGTT
CACATTGCACTGG
CATCCGCAGCGCC
CAGCCTTCAAACG
ATTTTGCTTGTAC
ATATGTTGTATAC
AATGGAAAATATT
GCAGCAACATGCC
CTGCTCCTCCTCC
ATAATGATGCTGA
AAGAGCTGGAGGA
CATTTTTTATTTT
CGCAACAGCAAAC
AGCAACAACAAAG
CCGCAGGACCACC
GTGCGAAATTTGC
TTTTGTTTTTAAT
AAGTGAAATAAAA
AAAGCATAAATCG
CTGCCTGCACCGC
GCAGCTGCGAGAA
CAAAAGTCCTTTA
GAAACAAAGTGCT
TGCTAATTTGGCC
AAAATCGCTGGCT
GATGGCAGTGGCA
GATGGAGACGGAG
CGAGCAAATAATC
AGGTCCAGGAGGA
TTTTAATTATATT
TTCAACCAAATCG
CTGCTGGCCACCA
CGCAGCAGCAGCA
TGTTGGGGGTGGT
GATGTGGCCGCCG
TTACATTTTATTT
CTGCCACTCCTGC
ATATGGAAACCCG
CAATATATAAATC
GCAGCAGCAGCTC
AACAAAAAACAAA
AAAATATATTAAA
CAGCAACAACAAA
ACAAACAAACAGA
CGATGGGCGCATT
GCATCATTGGCGA
CAAAAAAAAAAAA
TTAACACCACTCC
ACTCGCAGGACTG
CAAGCTGATGGCC
TGGAGTGGGAAAG
GCAACAACAACAA
ATTTTGTTATTGT
GCAACAAATGTGC
GAAAAACAAGTAA
TTCAGTTGAGACA
ACTTTAAACCCAA
CAAATGTGCGCCA
CACAGCAAACAAA
GCAGCAGCCACAG
ACTCACACACACA
CATAAATGCCAGC
ATAAATATATAAA
TTTTCCAAACCAA
ACTTATTTAACTT
TTCCCTAAAAGAT
TTAATTCTGTCAC
CGCTCAGTGCCGA
TAATTTTTGCATT
CAGCTGTACTGCA
GAAAAGTTGTTGC
CTGCCGCAGCAGC
TTCCGCCTCGTCC
TAAAAACAAAAGT
GCCACAGCAATTG
ATGATTACTTTTT
ATTTAAAAAGAAA
ACAAATTAACATC
TTCCAGTAGCAGC
AAGTGGAAAGGCA
AGCAGCAGCTCCA
CCAAGGACTCGCA
AAAAGAAAAACAA
TCGTTTTTGATGA
GGTTAAAATATTG
ATGGAAATGGAAA
GCAACAGCAGCAG
GAAGGACGACGAC
TAGATATTTATTT
CAAAAAAAAACAT
ATTTATTTCTCGT
GAAAGAAAATCCC
AAACAAATACGAA
ACTGGAGACGCAA
CAGAAACAGAAAC
TCATTTTTTATTT
ATGAGCAGCAATG
GGAAATAGCAACA
ACACACAAACGAG
GAAATATTTTCAG
AAGTGGAGTGGAG
AGTGGAAAGTGGA
ATGCAACAAATGA
CGGCAGTGGCAGC
AAGGCAACAACAA
TTAAAAACACATT
TATTTTTGTTTTC
TTGTTTTTTTTTT
GAGCTGGGCCACA
TAAAAAAGAAAGA
CGGAGAAGCAATT
GACTGCTGCCCAT
CACACACACACAT
GGAAACTGAAGAC
TGTGTGTTTACTT
TTTTATTTAAATT
TCCTGGCATCGAG
AAACAATAACAGA
AACAACAATGCAA
CGTGTTTAACACG
CATGGAAATATAA
CAACCTGGCCAAG
GCTGGAGATGGAG
CAGCAACAACAGA
GCGAACTGCATTG
AAAACGTTTTCGG
TCCACCACCGATG
CACATATACACTC
AGTTTTTGTTCAA
GAACCGCAGGCAG
GCTCCTCCTCCAG
GGTCAACAGAACC
TTTTATGTTTTTT
ACATGCGTGGCAA
AAAAATGGAAAAT
GAAGAGGAAAAAG
TTTTATAAAAAAA
GCAGCAGCAGTAG
GGAGGAGCTGCAG
GTCTGCGACAGTT
CTGGCCAATGCGG
TACTTCCCCACTC
CCACACACACACA
AAAATCAAATTCA
CTGCAAAAGCAAA
AAAAGGAGCAGCG
CCTGGCCAAAACA
ATTTGCCAGCTGC
AAATCCTTTGAGC
GAGACAATAATAA
AGTTGCAGCAGCA
TTCCTTCAATTTT
TTCAATTAAAAAA
TGAGCCAAAAATT
AAGGAAGAGGGAG
TTGGCCATTAATT
AAATTGCATTTAA
AGTTTGCAGTTTA
AGAGCATTCTGCA
CATTTACCATGTT
TGTTTGCCTGTCG
AAAAATTGAAAAA
AAACCACACCCAC
GTTCCAACTCCAG
TATATATATATAT
ATGCGATAATTCA
CCTCGGCATTGCC
CAGGTGGACAAGG
GGCGGAGGCGGAC
ATTTCTTTTATTT
TATTTATATAATT
AAATTGCAGGAGG
CCTGTTTATTTGA
ACAGTCTGCACCC
AAAAAATAAATAA
TTATAAAAAAATT
ATTGCAGGAGGAA
ATTATCGAGACTC
AAATGCAACAGCA
CAAATCCCAGACG
TGGTTTTTATTTG
CTGCGTGATTTGG
AAGCCAAGGACTC
ACACATGCAGCAG
ATAGCAAGCTGAA
GTGGTTTTTATTT
CTCAGCAGCAGCA
GCAAGTCCTGGCG
AAGTGTGTTTATT
TAAATAAGAAAAG
GAACAACAAACAA
AGCAGCAGCAGCA
CCAATGCCGGAGA
TACAGATACAGAT
CACACACACAAAC
TATGTGAAGTGCT
AGCTGCCGCAGCA
CCCAGCTCAATGG
ACACACACACACT
GCAATAAAAGTAA
CAGCTTTAAAATC
GAAAAACAATTGC
CAATAAAAACAAA
CTGCTTTCCTGCT
GGTGCAGCCCATC
TGCAGCAACAGCA
AAATAGCATTCTG
GCTTTTGCATTCT
GCTTTAACTTTTG
AGCAGCAGCTGCA
CAACAAATCCTGG
AGAAAATGTTCCC
TTAAAATTTAATT
GGAGCAGCAGGAA
CAAATACACACAT
AAAATAAATAAAA
TTTAATAAATTGT
CTCGTCCGGCAGC
GTGGAGCAGGCGG
AGCAGCAGCAGCT
AGCTTTCCCCACA
CCAACGGATGCGC
GATTAGTAATTTA
TATATATATATAC
ATATATATTTATT
ACAGATACAGATA
ATCTGTGCACACC
CGACCATTTAAAT
ATGCTAATAATTA
CACTTAAATTGCA
GTTAGGTACAAAT
CAAACCATTTTGT
CAAATTGCGAGAA
TTCTTTTATTTTC
CCGCAGCAGCAGC
AATAAAAAAGTGA
AAATATGAAAAGT
GTGGAGTGGAGCG
GCAACCACAACGG
TGCCTCATTGCCG
CCTGCTCCTCCAC
AGAAGGCAGAGAA
AGGAGCAGAAGAA
TAAGGCAATATAA
TCTGGCTCTGGAG
CGATTAAGTTTTT
AAACACACACACA
ACAGCAACAACAG
ACGCCTCATTTGC
TGCAGCAGCAACA
GAAGTCCAAGCAG
CGGAGGAACGGAG
AGGATTTGGATTT
TTTTAATTGCTTC
TGCCGGAGGTGAA
ATCATCCTCATCC
TTTGCAGCAAGCT
TTGTTTTGCTTAC
GCGACTTTATGGC
TGCTGTGCCAAAA
TTATATTTACATT
ATATATTGTATAT
AGCAACAGCAGCA
GAATGCCGCAGCA
TAAGTGTGAGTGT
CAGTACCACCCAC
CCCACCACCACCC
GCAAGTGCAACAG
CGAATTCCAGCTG
TGTTTATTTTGTG
ACAGCAGCAGCAG
GCACTGCAGCTGA
AAATGCCAGCGCA
CACACACACACTC
TTTCTGCGCAGCT
ATGTCCTTCACTC
TTTGGAGAAAACG
ATTGATTTTGCAG
CGCACACACACAC
ACGAAAACGAAAT
ATTCCACTGCCTT
ACTTTGTTAAACA
AACCCCAATGCCA
GGAGGCGGCAGAG
CTAATTTTTTAAT
GCAGCAGCAGCAG
AATGGAAATGGAA
CGTATCTATTAAT
AGAAATCGAAGAG
TGCCATTGCCCGA
GACTGCCGCAGCA
TTCTTGTGCTTGC
AATGAAATCGAAA
ACCACCGCCCCCC
CAAGTCTCAGCCT
GGAACTGGCGGCG
GCTGCTGCTGGAA
TTCGTAACATGGA
GAAGAGCAGAAAA
GCAGCAGGAACAG
GGCCACGCCCACT
CCCCAAACCGATG
TTGTGTGAATTTT
CGGAGTTGAATTG
TGTGTGCGTGGCA
CACACACACACAC
CATGGTTGTTGTT
AGAAACCGCCGAG
AGCAGCCATGTGT
TAAATAAAAATAA
CAGCCAGCTAATG
TTGGTTGGAAAAT
GACAGTTGACAGC
GCATGCAGTACTT
GTTTGTGTTTTGG
CTTGCAGGCGGCA
GGCAACATGGAAA
GTATAAACACAAA
GCGGCAAACGATT
AGCAGGTGGAAAC
TGCTGGCCGCCAT
TTAAATTAAATTA
CAGCAGCAGCAGG
ATATAATTGAATT
TTTTCTATCTTTG
CAGCACAAAAGTG
TTCAAATGTTGTT
TTCGTGATGCATG
GTGGTCCAGGTGG
GCCAGAGACAAAT
TGAAACATGCAAA
TAAAAATTAAGTA
CCAAAAAAGAAAA
CAGAATCAGAACC
TGGGTTTCAATTT
AAACAAACAAACA
ACTGAAATTATAG
CCTCAGCAACCTG
TGAGGCCAAGTGG
TGCAACGGCAGCA
ATTTTGAAAAGAT
GAAAAGGAGAAGA
AAATTTTACATTT
AAAAAAACATTGG
CAGCAGCAACAGT
GGAAACACTGCAG
GGCAGCAACAACA
GCAGCAGCAACAG
CCTCCAGCTCGAG
TTAAGTACTGCAT
AGAAGGTACATTA
CCACACCCACAGC
AGTAGTTTAACTC
ATTTGCTTTTATT
GTTTACGGTTCAT
GACCAAGTTCAAA
TTTATATAATTGA
ATCATTAAAATTT
AAATCAAATTAAT
CCTTGGCCTGCTG
ACACACGCGCACA
GGAGCGACAGGGA
ACACAACTCATTT
CTTTAACTAAAAT
AAGGAATTGGGAA
GATATTTTTATAT
CAAGGACGAGGAG
CAGCAGCAGCTCC
CATCCTCATCCTC
AATGGTACTGCAG
TTTGGACAATAAT
ACGCCCACGCCCA
CGGCATCACGCTG
TTTTTAATTAAAT
ACAAATGCCGCAT
GCTGGCAGCAACA
CTCCATTTCGCCC
GAATCCTGCCATC
ATAAAATAAATAA
CAAATCTGGCGGG
TTTTTAAGCTTTG
TATTTGCCCATCT
ATCCTGGTCCCCA
GAATTTCAATATA
CTCACTTTGCGG
TTTTATCAGTAC
CAGAATCAGCAG
AACACCAGCAGC
AAAATGTATAAA
TCAGCAGCAGGA
TCAAATTAATTT
GTCAGCCAGCTA
CTTGGCCTGCTG
TTAAAATTTAAT
ATGTGGCCGCCG
TTAGGTACAAAT
GAAATAGCAACA
AGCAGCAGCAGG
GCCCGATGATGT
CAGAAAAGCAGA
AATTTTACATTT
AGAAATAATAAA
CTGCTGCTGGAA
AGGAATTGGGAA
AATATGAAAAGT
ACAGCGAGAAAT
CAGCAGTTGCTC
CAACGCCCTGGT
GCTAATTTGGCC
GCCAGCTGCTTC
TACATTTTATTT
TGTTTTGCTTAC
AATTGCAGGAGG
ATCGGAAGGCAG
AACAGCAACATC
AGACAACAAGCC
CAACAAATGTGC
AAATTGCAAAAA
CGTGGTGTAAAT
CCACAGCAATTG
AGAAACAGAAAC
AATTTTTTAATT
ATTTTTTATTTT
TTCCACTGCCTT
CACTGCAGCTGA
TGAATAAGTTTA
CAACCTGGAAAC
GTGCTCAACGGC
AGTTGCCATTTT
GTTCCTTGGCTC
CAAACAGCAAAC
GTAGTTTAACTC
CTGGCAGCAACA
ACAAAATACAAA
AGTGGCAAACTG
CGCCCACGCCCA
GCCAACAGCAGC
CGGCAGTGGCAG
AAAACTTGGAGC
CAAGTAAATTAA
ATTTGCATTTTT
ATATTTCCATGC
GAAAATCGGTAC
TTGATATTGGTT
CCATTGCAATTT
AAAATGGAAAAT
GCAACATGGAAA
CAGCAACAACAA
TCTGGTTGCCAT
GAGGCCAAGTGG
AATCCTGCCATC
ACACACACAAAC
GAAATGGAATAA
GCGCTGCCAACC
CCACCACCACCC
TTTTTTACAATT
TCGCTGTACATT
GGGAAACGTGAT
TTTTAAATATAA
AATTTTTGCATT
ACAGCCCCAATA
CAACAACAGAAA
AAGGCAATATAA
TTAGCTGAAATG
GTGGGGGCAGTG
ACAACAAACAAA
AAGCGCTCTACT
CGCCAAGCTGAT
TTTATTTATTTT
TACAAATATATT
AACAGCAGCAGC
AAATAAATTGTT
CCCTTGCTCGTT
GCTGGAAAAAAA
AAGTGGCAGCAA
GGCACCCGCATC
GCTGGGCAAGCG
GGCAGTGGCAGC
ATCGCGACTTTG
AATATATAAATC
TTTGTTTATTTT
CCAGGTGGGCAT
TGGTTTGGTATA
ATTGCAATTGCA
CAACCACAACGG
AGTACCACCCAC
TCTGTGCACACC
TGCTGCGCCACA
TAAAATGAATAA
GGAAAAGCTCAC
GGGCTCCATCGC
TTTGCGACTTTA
CATGCAGTCGCA
ACCAAAAAGGGA
CACACACACACA
TGCCTCCTCACG
CTTTGCGACTTT
GCAGCCAAACCA
TTTCTATCTTTG
AAGTAATAAGAA
TTATTTATGCCA
TGCAGCTGGGCG
AAAAAAGAAAGA
CGTCAAACCGTC
TCTTGTCCCAAA
ATAAATCCCGAA
CATTTCGGGTTT
AGATATTTATTT
GTGACAAATTTT
GTTTGCCTGTCG
GGGTCCTGCAGG
CACACAAACGAG
AGCAGCAGCTGC
ATTCCAAGTACA
TCCCACCTGGCC
GTTCGTCAGTGC
ACATCATCATCA
ATACATTTACAG
GGTGCCCACCAG
AAAAACAGAAAT
AACGGATGCAAC
TCACAGAAAGTG
ATTAGTAATTTA
AGGCAACAACAA
AAAGTGCAGATA
CATTTAATGCGA
CTGGAGATGGAG
AGCAGAACTGCG
GCCCACGCCCAC
TGGCCAATGCGG
TATGAATAATAT
CAATAAAAGCAA
GCAGAAGTGGCA
AGGAGAAAGCAT
TTTTGAAGGAAG
GGCATCACGCTG
CGACCAAATCTG
AGCCAAAAAAGA
TAAGTACTGCAT
CGGCAAACGATT
CCTTGTCCCCCG
GACTGTTTCTCC
AGAAATTCTTTC
CGAGTTCCAGCT
ACGGAACAACTG
CGGCAAAAAATT
ACTTCCCCACTC
CAGCAACAGCAG
GCAACAGCAACA
CCATCGTGGCCG
CCCTTTATTACT
CACACACACACT
CTCTGCTGCAGC
TATTTGTATTTG
AGTTGCATACAA
AGTGAAATAAAA
GTTTAATTAAAA
GGTAAACCGTTC
ACACAAACACAA
ACCATGCGCAGC
CACACCCACAGC
CATCCTCCGAGT
ATGCAAGTTTAG
TCAGTTGAGACA
CTCAGCAACCTG
TATATATATGTA
CAAATACACACA
GCCCCGATTCCA
ACGGTGCAGAAT
CTTCCGCAACGC
GCTCCTCCTCCT
CATTAAACAACA
CAGCAGCCACAG
TTTTTAAAAACA
TTATTTTCATTA
GATTGCTGAGCT
AATTGCAGTTTG
TAAATATATAAA
GAGAAGGACTGG
GGTCCTGCAGGA
ATGAACATGAAC
AACAAATGAAAA
TTCTGCAGCTGC
CTTCAGCAGCTC
TGGAGAGCTCAG
GAAATGCACAAA
TTTCCAAACCAA
AAAAGTCCTTTA
CTTCGTCTGCCA
AAAGAAAATCCC
TCATGGAGCTGG
AAAAATAAAATA
ACATATACACTC
GCTGGGACGCAC
AAATAAAAATAA
AGGAATGAAAAG
AATTTTTAAATT
GCAATAAATTTC
TCATCCTCATCC
ACATCCGAATAC
ACATTTAATATA
GTGTACAGAAAA
TCCTTCGTCCTG
TAAAACAATTAA
CCAAAAACAAAG
GGCAGCAAAAAG
TGCTCCCTCCTC
CCTGTTCTCGGA
TTTCAATTTCAT
GGCAACTTAATC
TTCTGCTTTGGC
TTTGCAGTGGCG
AAATAACAGCAT
GATTTGTCTACC
AGCAGAAGAATA
AACACACACACA
GGTCAACGCCAT
CGCCGGCGGCTT
CAACGGAAGCGG
AAGGTGCAGAAG
CATGCAAATGCC
TACAACTTGAGA
AAGGAGGCAGAA
AGGAGCAGCCAG
TTGTTTTTGTTT
CCGCAGCCGCGG
GTCGAAATTTCA
ATAAATGCCAGC
GTTTTTATGAGT
ATTTATATAATT
AGAGCCCCTTGA
ATTTATTTAAAT
AAAATCAAATTA
TACACAAACAGG
ATGGTACTGCAG
ACAAAAAACAAA
AGATGTCGCTGA
GCGAGTTGATTT
CTGGTAAGAGTA
AAATGCACAAAC
GTTGGGGGTGGT
CTTCGGTGCGGA
TGACTGCACATC
CAGCAGCAGCTC
AATATAATATTT
CGGCTAAATAAA
TGCTTTTCTTCC
CAGCCGGCGAAC
CAAAAAATAAAA
ATAAATTTTAAA
ATACAAAATACA
TTTCCCAGCCAA
AAATTTGTTGTA
AAATCGAGAATA
GCTTCAGTGCCA
TGGCCATTAATT
AAAGTAAATGCC
AATTTCAATATA
GACAAACGGACA
CGCAGGACCACC
GCCGTCGAATGT
AATCCAGGACTC
AAGCAAAAGCTG
ATTTAAATATGA
CTGAAGACGACA
GAGCACAAGCAG
TTTAAATTATTT
AAATGTTGTTTT
CCAACAAGGACA
TGCCACTCCTGC
TGTGTGAATTTT
CGTCTGCCATGC
AGGCCGGCGCCC
TAAAAACACATT
TTTCCCAAAATG
AACCAGGAGCAG
TGGTTTTTATTT
CGGAGTCGAATG
TCCTGGTCCCCA
GCAGCAGCAGGA
ATTTACCATGTT
ACCACCCACTCC
ACTGCTGCCCAT
GCCACGCCCACT
CTCGCAGGACTG
AGTACTAGTTCT
GCCAGGACGAAC
AACAAAATTTAA
CGTTTCCGCTTC
GCTGCTCCTCCT
CAGCGGCGCCAT
GCTTTTTGTAAT
TGGGCCAAAAAG
GAGGTGGCGCGA
TTGCAGGAGGAA
AAACGTTTTCGG
